#-----------------------------------------------------------
# Vivado v2018.3 (64-bit)
# SW Build 2405991 on Thu Dec  6 23:38:27 MST 2018
# IP Build 2404404 on Fri Dec  7 01:43:56 MST 2018
# Start of session at: Sun Jul  5 11:22:25 2020
# Process ID: 8500
# Current directory: C:/Users/unicornt/Desktop/18307130102 ass3 part II/mips-cache
# Command line: vivado.exe -gui_launcher_event rodinguilauncherevent8664 C:\Users\unicornt\Desktop\18307130102 ass3 part II\mips-cache\mips-cache.xpr
# Log file: C:/Users/unicornt/Desktop/18307130102 ass3 part II/mips-cache/vivado.log
# Journal file: C:/Users/unicornt/Desktop/18307130102 ass3 part II/mips-cache\vivado.jou
#-----------------------------------------------------------
start_gui
open_project {C:/Users/unicornt/Desktop/18307130102 ass3 part II/mips-cache/mips-cache.xpr}
INFO: [Project 1-313] Project file moved from 'C:/Users/AERO/Desktop/18307130102/mips-cache' since last save.
ScScanning sources..Finished scanning sources
INFO: [IP_Flow 19-234] Refreshing IP repositories
INFO: [IP_Flow 19-1704] No user IP repositories specified
INFO: [IP_Flow 19-2313] Loaded Vivado IP repository 'D:/Xilinx/Vivado/2018.3/data/ip'.
open_project: Time (s): cpu = 00:00:08 ; elapsed = 00:00:11 . Memory (MB): peak = 826.543 ; gain = 10.195
update_compile_order -fileset sources_1
exit
INFO: [Common 17-206] Exiting Vivado at Sun Jul  5 12:44:18 2020...
g has been returned to its previous state.
INFO: [Common 17-344] 'open_project' was cancelled
exit
INFO: [Common 17-206] Exiting Vivado at Sun Jul  5 11:22:57 2020...
