#-----------------------------------------------------------
# Vivado v2018.3 (64-bit)
# SW Build 2405991 on Thu Dec  6 23:38:27 MST 2018
# IP Build 2404404 on Fri Dec  7 01:43:56 MST 2018
# Start of session at: Wed Jul  1 20:14:55 2020
# Process ID: 15924
# Current directory: C:/Users/AERO/Desktop/Unv/ICS/lab/ics-lab/18307130102 ass3 part II/mips-cache
# Command line: vivado.exe -gui_launcher_event rodinguilauncherevent11212 C:\Users\AERO\Desktop\Unv\ICS\lab\ics-lab\18307130102 ass3 part II\mips-cache\mips-cache.xpr
# Log file: C:/Users/AERO/Desktop/Unv/ICS/lab/ics-lab/18307130102 ass3 part II/mips-cache/vivado.log
# Journal file: C:/Users/AERO/Desktop/Unv/ICS/lab/ics-lab/18307130102 ass3 part II/mips-cache\vivado.jou
#-----------------------------------------------------------
start_gui
open_project {C:/Users/AERO/Desktop/Unv/ICS/lab/ics-lab/18307130102 ass3 part II/mips-cache/mips-cache.xpr}
INFO: [Project 1-313] Project file moved from 'C:/Users/AERO/Desktop/18307130102/mips-cache' since last save.
Scanning sources...
Finished scanning sources
INFO: [IP_Flow 19-234] Refreshing IP repositories
INFO: [IP_Flow 19-1704] No user IP repositories specified
INFO: [IP_Flow 19-2313] Loaded Vivado IP repository 'C:/Xilinx/Vivado/2018.3/data/ip'.
update_compile_order -fileset sources_1
exit
INFO: [Common 17-206] Exiting Vivado at Wed Jul  1 21:17:04 2020...
