#-----------------------------------------------------------
# Vivado v2018.3 (64-bit)
# SW Build 2405991 on Thu Dec  6 23:38:27 MST 2018
# IP Build 2404404 on Fri Dec  7 01:43:56 MST 2018
# Start of session at: Mon May 25 19:26:51 2020
# Process ID: 10944
# Current directory: C:/Users/AERO/Desktop/18307130102/mips-cache
# Command line: vivado.exe -gui_launcher_event rodinguilauncherevent4188 C:\Users\AERO\Desktop\18307130102\mips-cache\mips-cache.xpr
# Log file: C:/Users/AERO/Desktop/18307130102/mips-cache/vivado.log
# Journal file: C:/Users/AERO/Desktop/18307130102/mips-cache\vivado.jou
#-----------------------------------------------------------
start_gui
open_project C:/Users/AERO/Desktop/18307130102/mips-cache/mips-cache.xpr
Scanning sources...
Finished scanning sources
INFO: [IP_Flow 19-234] Refreshing IP repositories
INFO: [IP_Flow 19-1704] No user IP repositories specified
INFO: [IP_Flow 19-2313] Loaded Vivado IP repository 'C:/Xilinx/Vivado/2018.3/data/ip'.
update_compile_order -fileset sources_1
export_ip_user_files -of_objects  [get_files C:/Users/AERO/Desktop/18307130102/mips-cache/mips-cache.srcs/sources_1/new/cache_controller.v] -no_script -reset -force -quiet
remove_files  C:/Users/AERO/Desktop/18307130102/mips-cache/mips-cache.srcs/sources_1/new/cache_controller.v
exit
INFO: [Common 17-206] Exiting Vivado at Mon May 25 22:15:58 2020...
