#-----------------------------------------------------------
# Vivado v2018.3 (64-bit)
# SW Build 2405991 on Thu Dec  6 23:38:27 MST 2018
# IP Build 2404404 on Fri Dec  7 01:43:56 MST 2018
# Start of session at: Sun Jul  5 16:20:05 2020
# Process ID: 11920
# Current directory: C:/Users/unicornt/Desktop/ass4/OoO
# Command line: vivado.exe -gui_launcher_event rodinguilauncherevent13944 C:\Users\unicornt\Desktop\ass4\OoO\mips-cache.xpr
# Log file: C:/Users/unicornt/Desktop/ass4/OoO/vivado.log
# Journal file: C:/Users/unicornt/Desktop/ass4/OoO\vivado.jou
#-----------------------------------------------------------
start_gui
open_project C:/Users/unicornt/Desktop/ass4/OoO/mips-cache.xpr
INFO: [Project 1-313] Project file moved from 'C:/Users/unicornt/Desktop/18307130102 ass3 part II/mips-cache' since last save.
Scanning sources...
Finished scanning sources
INFO: [IP_Flow 19-234] Refreshing IP repositories
INFO: [IP_Flow 19-1704] No user IP repositories specified
INFO: [IP_Flow 19-2313] Loaded Vivado IP repository 'D:/Xilinx/Vivado/2018.3/data/ip'.
update_compile_order -fileset sources_1
