INFO: [VRFC 10-2263] Analyzing SystemVerilog file "C:/Users/unicornt/Desktop/ass4/OoO/Pipeline.srcs/sources_1/new/alu.sv" into library xil_defaultlib
INFO: [VRFC 10-311] analyzing module alu
INFO: [VRFC 10-2263] Analyzing SystemVerilog file "C:/Users/unicornt/Desktop/ass4/OoO/Pipeline.srcs/sources_1/new/ctUnit.sv" into library xil_defaultlib
INFO: [VRFC 10-311] analyzing module ctUnit
INFO: [VRFC 10-2263] Analyzing SystemVerilog file "C:/Users/unicornt/Desktop/ass4/OoO/Pipeline.srcs/sources_1/new/datapath.sv" into library xil_defaultlib
INFO: [VRFC 10-311] analyzing module dataPath
INFO: [VRFC 10-2263] Analyzing SystemVerilog file "C:/Users/unicornt/Desktop/ass4/OoO/Pipeline.srcs/sources_1/new/dmem.sv" into library xil_defaultlib
INFO: [VRFC 10-311] analyzing module dmem
INFO: [VRFC 10-2263] Analyzing SystemVerilog file "C:/Users/unicornt/Desktop/ass4/OoO/Pipeline.srcs/sources_1/new/flopr.sv" into library xil_defaultlib
INFO: [VRFC 10-311] analyzing module flopr
INFO: [VRFC 10-2263] Analyzing SystemVerilog file "C:/Users/unicornt/Desktop/ass4/OoO/Pipeline.srcs/sources_1/new/flopr_e.sv" into library xil_defaultlib
INFO: [VRFC 10-311] analyzing module flopre
INFO: [VRFC 10-2263] Analyzing SystemVerilog file "C:/Users/unicornt/Desktop/ass4/OoO/Pipeline.srcs/sources_1/new/floprc.sv" into library xil_defaultlib
INFO: [VRFC 10-311] analyzing module floprc
INFO: [VRFC 10-2263] Analyzing SystemVerilog file "C:/Users/unicornt/Desktop/ass4/OoO/Pipeline.srcs/sources_1/new/floprec.sv" into library xil_defaultlib
INFO: [VRFC 10-311] analyzing module floprec
INFO: [VRFC 10-2263] Analyzing SystemVerilog file "C:/Users/unicornt/Desktop/ass4/OoO/Pipeline.srcs/sources_1/new/hazard.sv" into library xil_defaultlib
INFO: [VRFC 10-311] analyzing module hazard
INFO: [VRFC 10-2263] Analyzing SystemVerilog file "C:/Users/unicornt/Desktop/ass4/OoO/Pipeline.srcs/sources_1/new/imem.sv" into library xil_defaultlib
INFO: [VRFC 10-311] analyzing module imem
INFO: [VRFC 10-2263] Analyzing SystemVerilog file "C:/Users/unicornt/Desktop/ass4/OoO/Pipeline.srcs/sources_1/new/mips.sv" into library xil_defaultlib
INFO: [VRFC 10-311] analyzing module mips
INFO: [VRFC 10-2263] Analyzing SystemVerilog file "C:/Users/unicornt/Desktop/ass4/OoO/Pipeline.srcs/sources_1/new/mux.sv" into library xil_defaultlib
INFO: [VRFC 10-311] analyzing module mux
INFO: [VRFC 10-2263] Analyzing SystemVerilog file "C:/Users/unicornt/Desktop/ass4/OoO/Pipeline.srcs/sources_1/new/mux3.sv" into library xil_defaultlib
INFO: [VRFC 10-311] analyzing module mux3
INFO: [VRFC 10-2263] Analyzing SystemVerilog file "C:/Users/unicornt/Desktop/ass4/OoO/Pipeline.srcs/sources_1/new/mux4.sv" into library xil_defaultlib
INFO: [VRFC 10-311] analyzing module mux4
INFO: [VRFC 10-2263] Analyzing SystemVerilog file "C:/Users/unicornt/Desktop/ass4/OoO/Pipeline.srcs/sources_1/new/regFiles.sv" into library xil_defaultlib
INFO: [VRFC 10-311] analyzing module regFiles
INFO: [VRFC 10-2263] Analyzing SystemVerilog file "C:/Users/unicornt/Desktop/ass4/OoO/Pipeline.srcs/sources_1/new/sigext.sv" into library xil_defaultlib
INFO: [VRFC 10-311] analyzing module signExt
INFO: [VRFC 10-2263] Analyzing SystemVerilog file "C:/Users/unicornt/Desktop/ass4/OoO/Pipeline.srcs/sources_1/new/sl2.sv" into library xil_defaultlib
INFO: [VRFC 10-311] analyzing module sl2
INFO: [VRFC 10-2263] Analyzing SystemVerilog file "C:/Users/unicornt/Desktop/ass4/OoO/benchtest/cpu_tb.sv" into library xil_defaultlib
INFO: [VRFC 10-311] analyzing module cpu_tb
